<?xml version="1.0" encoding="UTF-8"?>
<!-- Generated by org.testng.reporters.JUnitReportReporter -->
<testsuite skipped="0" hostname="PRFT-14643" name="xbox.testcases.XboxDuskamo" tests="3" failures="0" timestamp="27 Jan 2020 17:01:55 GMT" time="57.107" errors="0">
  <testcase name="xboxSearchValidateDuskamoTest" time="24.292" classname="xbox.testcases.XboxDuskamo"/>
  <testcase name="xboxDuskamoCheck" time="23.773" classname="xbox.testcases.XboxDuskamo"/>
  <testcase name="xboxDuskTopGames" time="9.042" classname="xbox.testcases.XboxDuskamo"/>
</testsuite> <!-- xbox.testcases.XboxDuskamo -->
