<?xml version="1.0" encoding="UTF-8"?>
<!-- Generated by org.testng.reporters.JUnitReportReporter -->
<testsuite skipped="0" hostname="PRFT-14643" name="xbox.testcases.XboxTopFive" tests="6" failures="0" timestamp="27 Jan 2020 17:00:51 GMT" time="67.720" errors="0">
  <testcase name="navigateSearchValidateTopTest" time="21.882" classname="xbox.testcases.XboxTopFive"/>
  <testcase name="numOneCheck" time="9.106" classname="xbox.testcases.XboxTopFive"/>
  <testcase name="numTwoCheck" time="8.793" classname="xbox.testcases.XboxTopFive"/>
  <testcase name="numThreeCheck" time="9.775" classname="xbox.testcases.XboxTopFive"/>
  <testcase name="numFourCheck" time="9.055" classname="xbox.testcases.XboxTopFive"/>
  <testcase name="numFiveCheck" time="9.109" classname="xbox.testcases.XboxTopFive"/>
</testsuite> <!-- xbox.testcases.XboxTopFive -->
